INFO - 2024-10-10 02:19:26 --> Session: Class initialized using 'CodeIgniter\Session\Handlers\FileHandler' driver.
INFO - 2024-10-10 02:27:58 --> Session: Class initialized using 'CodeIgniter\Session\Handlers\FileHandler' driver.
ERROR - 2024-10-10 02:38:05 --> mysqli_sql_exception: Unknown column 'updated_at' in 'field list' in /home/luqman/Documents/ci4/system/Database/MySQLi/Connection.php:312
Stack trace:
#0 /home/luqman/Documents/ci4/system/Database/MySQLi/Connection.php(312): mysqli->query()
#1 /home/luqman/Documents/ci4/system/Database/BaseConnection.php(734): CodeIgniter\Database\MySQLi\Connection->execute()
#2 /home/luqman/Documents/ci4/system/Database/BaseConnection.php(648): CodeIgniter\Database\BaseConnection->simpleQuery()
#3 /home/luqman/Documents/ci4/system/Database/BaseBuilder.php(2340): CodeIgniter\Database\BaseConnection->query()
#4 /home/luqman/Documents/ci4/system/Model.php(394): CodeIgniter\Database\BaseBuilder->insert()
#5 /home/luqman/Documents/ci4/system/BaseModel.php(840): CodeIgniter\Model->doInsert()
#6 /home/luqman/Documents/ci4/system/Model.php(802): CodeIgniter\BaseModel->insert()
#7 /home/luqman/Documents/ci4/system/BaseModel.php(751): CodeIgniter\Model->insert()
#8 /home/luqman/Documents/ci4/app/Controllers/SiswaController.php(32): CodeIgniter\BaseModel->save()
#9 /home/luqman/Documents/ci4/system/CodeIgniter.php(933): App\Controllers\SiswaController->store()
#10 /home/luqman/Documents/ci4/system/CodeIgniter.php(509): CodeIgniter\CodeIgniter->runController()
#11 /home/luqman/Documents/ci4/system/CodeIgniter.php(355): CodeIgniter\CodeIgniter->handleRequest()
#12 /home/luqman/Documents/ci4/system/Boot.php(325): CodeIgniter\CodeIgniter->run()
#13 /home/luqman/Documents/ci4/system/Boot.php(67): CodeIgniter\Boot::runCodeIgniter()
#14 /home/luqman/Documents/ci4/public/index.php(56): CodeIgniter\Boot::bootWeb()
#15 /home/luqman/Documents/ci4/system/rewrite.php(44): require_once('...')
#16 {main}
CRITICAL - 2024-10-10 02:38:05 --> CodeIgniter\Database\Exceptions\DatabaseException: Unknown column 'updated_at' in 'field list'
[Method: POST, Route: siswa/store]
in SYSTEMPATH/Database/BaseConnection.php on line 688.
 1 SYSTEMPATH/Database/BaseBuilder.php(2340): CodeIgniter\Database\BaseConnection->query()
 2 SYSTEMPATH/Model.php(394): CodeIgniter\Database\BaseBuilder->insert()
 3 SYSTEMPATH/BaseModel.php(840): CodeIgniter\Model->doInsert()
 4 SYSTEMPATH/Model.php(802): CodeIgniter\BaseModel->insert()
 5 SYSTEMPATH/BaseModel.php(751): CodeIgniter\Model->insert()
 6 APPPATH/Controllers/SiswaController.php(32): CodeIgniter\BaseModel->save()
 7 SYSTEMPATH/CodeIgniter.php(933): App\Controllers\SiswaController->store()
 8 SYSTEMPATH/CodeIgniter.php(509): CodeIgniter\CodeIgniter->runController()
 9 SYSTEMPATH/CodeIgniter.php(355): CodeIgniter\CodeIgniter->handleRequest()
10 SYSTEMPATH/Boot.php(325): CodeIgniter\CodeIgniter->run()
11 SYSTEMPATH/Boot.php(67): CodeIgniter\Boot::runCodeIgniter()
12 FCPATH/index.php(56): CodeIgniter\Boot::bootWeb()
13 SYSTEMPATH/rewrite.php(44): require_once('/home/luqman/Documents/ci4/public/index.php')
CRITICAL - 2024-10-10 02:38:05 --> [Caused by] CodeIgniter\Database\Exceptions\DatabaseException: Unknown column 'updated_at' in 'field list'
in SYSTEMPATH/Database/MySQLi/Connection.php on line 317.
 1 SYSTEMPATH/Database/BaseConnection.php(734): CodeIgniter\Database\MySQLi\Connection->execute()
 2 SYSTEMPATH/Database/BaseConnection.php(648): CodeIgniter\Database\BaseConnection->simpleQuery()
 3 SYSTEMPATH/Database/BaseBuilder.php(2340): CodeIgniter\Database\BaseConnection->query()
 4 SYSTEMPATH/Model.php(394): CodeIgniter\Database\BaseBuilder->insert()
 5 SYSTEMPATH/BaseModel.php(840): CodeIgniter\Model->doInsert()
 6 SYSTEMPATH/Model.php(802): CodeIgniter\BaseModel->insert()
 7 SYSTEMPATH/BaseModel.php(751): CodeIgniter\Model->insert()
 8 APPPATH/Controllers/SiswaController.php(32): CodeIgniter\BaseModel->save()
 9 SYSTEMPATH/CodeIgniter.php(933): App\Controllers\SiswaController->store()
10 SYSTEMPATH/CodeIgniter.php(509): CodeIgniter\CodeIgniter->runController()
11 SYSTEMPATH/CodeIgniter.php(355): CodeIgniter\CodeIgniter->handleRequest()
12 SYSTEMPATH/Boot.php(325): CodeIgniter\CodeIgniter->run()
13 SYSTEMPATH/Boot.php(67): CodeIgniter\Boot::runCodeIgniter()
14 FCPATH/index.php(56): CodeIgniter\Boot::bootWeb()
15 SYSTEMPATH/rewrite.php(44): require_once('/home/luqman/Documents/ci4/public/index.php')
CRITICAL - 2024-10-10 02:38:05 --> [Caused by] mysqli_sql_exception: Unknown column 'updated_at' in 'field list'
in SYSTEMPATH/Database/MySQLi/Connection.php on line 312.
 1 SYSTEMPATH/Database/MySQLi/Connection.php(312): mysqli->query()
 2 SYSTEMPATH/Database/BaseConnection.php(734): CodeIgniter\Database\MySQLi\Connection->execute()
 3 SYSTEMPATH/Database/BaseConnection.php(648): CodeIgniter\Database\BaseConnection->simpleQuery()
 4 SYSTEMPATH/Database/BaseBuilder.php(2340): CodeIgniter\Database\BaseConnection->query()
 5 SYSTEMPATH/Model.php(394): CodeIgniter\Database\BaseBuilder->insert()
 6 SYSTEMPATH/BaseModel.php(840): CodeIgniter\Model->doInsert()
 7 SYSTEMPATH/Model.php(802): CodeIgniter\BaseModel->insert()
 8 SYSTEMPATH/BaseModel.php(751): CodeIgniter\Model->insert()
 9 APPPATH/Controllers/SiswaController.php(32): CodeIgniter\BaseModel->save()
10 SYSTEMPATH/CodeIgniter.php(933): App\Controllers\SiswaController->store()
11 SYSTEMPATH/CodeIgniter.php(509): CodeIgniter\CodeIgniter->runController()
12 SYSTEMPATH/CodeIgniter.php(355): CodeIgniter\CodeIgniter->handleRequest()
13 SYSTEMPATH/Boot.php(325): CodeIgniter\CodeIgniter->run()
14 SYSTEMPATH/Boot.php(67): CodeIgniter\Boot::runCodeIgniter()
15 FCPATH/index.php(56): CodeIgniter\Boot::bootWeb()
16 SYSTEMPATH/rewrite.php(44): require_once('/home/luqman/Documents/ci4/public/index.php')
ERROR - 2024-10-10 02:45:17 --> Error connecting to the database: mysqli_sql_exception: Unknown database 'cI4_crud' in /home/luqman/Documents/ci4/system/Database/MySQLi/Connection.php:186
Stack trace:
#0 /home/luqman/Documents/ci4/system/Database/MySQLi/Connection.php(186): mysqli->real_connect()
#1 /home/luqman/Documents/ci4/system/Database/BaseConnection.php(421): CodeIgniter\Database\MySQLi\Connection->connect()
#2 /home/luqman/Documents/ci4/system/Database/BaseConnection.php(616): CodeIgniter\Database\BaseConnection->initialize()
#3 /home/luqman/Documents/ci4/system/Database/BaseBuilder.php(2340): CodeIgniter\Database\BaseConnection->query()
#4 /home/luqman/Documents/ci4/system/Model.php(394): CodeIgniter\Database\BaseBuilder->insert()
#5 /home/luqman/Documents/ci4/system/BaseModel.php(840): CodeIgniter\Model->doInsert()
#6 /home/luqman/Documents/ci4/system/Model.php(802): CodeIgniter\BaseModel->insert()
#7 /home/luqman/Documents/ci4/system/BaseModel.php(751): CodeIgniter\Model->insert()
#8 /home/luqman/Documents/ci4/app/Controllers/SiswaController.php(32): CodeIgniter\BaseModel->save()
#9 /home/luqman/Documents/ci4/system/CodeIgniter.php(933): App\Controllers\SiswaController->store()
#10 /home/luqman/Documents/ci4/system/CodeIgniter.php(509): CodeIgniter\CodeIgniter->runController()
#11 /home/luqman/Documents/ci4/system/CodeIgniter.php(355): CodeIgniter\CodeIgniter->handleRequest()
#12 /home/luqman/Documents/ci4/system/Boot.php(325): CodeIgniter\CodeIgniter->run()
#13 /home/luqman/Documents/ci4/system/Boot.php(67): CodeIgniter\Boot::runCodeIgniter()
#14 /home/luqman/Documents/ci4/public/index.php(56): CodeIgniter\Boot::bootWeb()
#15 /home/luqman/Documents/ci4/system/rewrite.php(44): require_once('...')
#16 {main}

Next CodeIgniter\Database\Exceptions\DatabaseException: Unknown database 'cI4_crud' in /home/luqman/Documents/ci4/system/Database/MySQLi/Connection.php:231
Stack trace:
#0 /home/luqman/Documents/ci4/system/Database/BaseConnection.php(421): CodeIgniter\Database\MySQLi\Connection->connect()
#1 /home/luqman/Documents/ci4/system/Database/BaseConnection.php(616): CodeIgniter\Database\BaseConnection->initialize()
#2 /home/luqman/Documents/ci4/system/Database/BaseBuilder.php(2340): CodeIgniter\Database\BaseConnection->query()
#3 /home/luqman/Documents/ci4/system/Model.php(394): CodeIgniter\Database\BaseBuilder->insert()
#4 /home/luqman/Documents/ci4/system/BaseModel.php(840): CodeIgniter\Model->doInsert()
#5 /home/luqman/Documents/ci4/system/Model.php(802): CodeIgniter\BaseModel->insert()
#6 /home/luqman/Documents/ci4/system/BaseModel.php(751): CodeIgniter\Model->insert()
#7 /home/luqman/Documents/ci4/app/Controllers/SiswaController.php(32): CodeIgniter\BaseModel->save()
#8 /home/luqman/Documents/ci4/system/CodeIgniter.php(933): App\Controllers\SiswaController->store()
#9 /home/luqman/Documents/ci4/system/CodeIgniter.php(509): CodeIgniter\CodeIgniter->runController()
#10 /home/luqman/Documents/ci4/system/CodeIgniter.php(355): CodeIgniter\CodeIgniter->handleRequest()
#11 /home/luqman/Documents/ci4/system/Boot.php(325): CodeIgniter\CodeIgniter->run()
#12 /home/luqman/Documents/ci4/system/Boot.php(67): CodeIgniter\Boot::runCodeIgniter()
#13 /home/luqman/Documents/ci4/public/index.php(56): CodeIgniter\Boot::bootWeb()
#14 /home/luqman/Documents/ci4/system/rewrite.php(44): require_once('...')
#15 {main}
CRITICAL - 2024-10-10 02:45:17 --> CodeIgniter\Database\Exceptions\DatabaseException: Unable to connect to the database.
Main connection [MySQLi]: Unknown database 'cI4_crud'
[Method: POST, Route: siswa/store]
in SYSTEMPATH/Database/BaseConnection.php on line 467.
 1 SYSTEMPATH/Database/BaseConnection.php(616): CodeIgniter\Database\BaseConnection->initialize()
 2 SYSTEMPATH/Database/BaseBuilder.php(2340): CodeIgniter\Database\BaseConnection->query()
 3 SYSTEMPATH/Model.php(394): CodeIgniter\Database\BaseBuilder->insert()
 4 SYSTEMPATH/BaseModel.php(840): CodeIgniter\Model->doInsert()
 5 SYSTEMPATH/Model.php(802): CodeIgniter\BaseModel->insert()
 6 SYSTEMPATH/BaseModel.php(751): CodeIgniter\Model->insert()
 7 APPPATH/Controllers/SiswaController.php(32): CodeIgniter\BaseModel->save()
 8 SYSTEMPATH/CodeIgniter.php(933): App\Controllers\SiswaController->store()
 9 SYSTEMPATH/CodeIgniter.php(509): CodeIgniter\CodeIgniter->runController()
10 SYSTEMPATH/CodeIgniter.php(355): CodeIgniter\CodeIgniter->handleRequest()
11 SYSTEMPATH/Boot.php(325): CodeIgniter\CodeIgniter->run()
12 SYSTEMPATH/Boot.php(67): CodeIgniter\Boot::runCodeIgniter()
13 FCPATH/index.php(56): CodeIgniter\Boot::bootWeb()
14 SYSTEMPATH/rewrite.php(44): require_once('/home/luqman/Documents/ci4/public/index.php')
ERROR - 2024-10-10 02:45:50 --> mysqli_sql_exception: Unknown column 'updated_at' in 'field list' in /home/luqman/Documents/ci4/system/Database/MySQLi/Connection.php:312
Stack trace:
#0 /home/luqman/Documents/ci4/system/Database/MySQLi/Connection.php(312): mysqli->query()
#1 /home/luqman/Documents/ci4/system/Database/BaseConnection.php(734): CodeIgniter\Database\MySQLi\Connection->execute()
#2 /home/luqman/Documents/ci4/system/Database/BaseConnection.php(648): CodeIgniter\Database\BaseConnection->simpleQuery()
#3 /home/luqman/Documents/ci4/system/Database/BaseBuilder.php(2340): CodeIgniter\Database\BaseConnection->query()
#4 /home/luqman/Documents/ci4/system/Model.php(394): CodeIgniter\Database\BaseBuilder->insert()
#5 /home/luqman/Documents/ci4/system/BaseModel.php(840): CodeIgniter\Model->doInsert()
#6 /home/luqman/Documents/ci4/system/Model.php(802): CodeIgniter\BaseModel->insert()
#7 /home/luqman/Documents/ci4/system/BaseModel.php(751): CodeIgniter\Model->insert()
#8 /home/luqman/Documents/ci4/app/Controllers/SiswaController.php(32): CodeIgniter\BaseModel->save()
#9 /home/luqman/Documents/ci4/system/CodeIgniter.php(933): App\Controllers\SiswaController->store()
#10 /home/luqman/Documents/ci4/system/CodeIgniter.php(509): CodeIgniter\CodeIgniter->runController()
#11 /home/luqman/Documents/ci4/system/CodeIgniter.php(355): CodeIgniter\CodeIgniter->handleRequest()
#12 /home/luqman/Documents/ci4/system/Boot.php(325): CodeIgniter\CodeIgniter->run()
#13 /home/luqman/Documents/ci4/system/Boot.php(67): CodeIgniter\Boot::runCodeIgniter()
#14 /home/luqman/Documents/ci4/public/index.php(56): CodeIgniter\Boot::bootWeb()
#15 /home/luqman/Documents/ci4/system/rewrite.php(44): require_once('...')
#16 {main}
CRITICAL - 2024-10-10 02:45:50 --> CodeIgniter\Database\Exceptions\DatabaseException: Unknown column 'updated_at' in 'field list'
[Method: POST, Route: siswa/store]
in SYSTEMPATH/Database/BaseConnection.php on line 688.
 1 SYSTEMPATH/Database/BaseBuilder.php(2340): CodeIgniter\Database\BaseConnection->query()
 2 SYSTEMPATH/Model.php(394): CodeIgniter\Database\BaseBuilder->insert()
 3 SYSTEMPATH/BaseModel.php(840): CodeIgniter\Model->doInsert()
 4 SYSTEMPATH/Model.php(802): CodeIgniter\BaseModel->insert()
 5 SYSTEMPATH/BaseModel.php(751): CodeIgniter\Model->insert()
 6 APPPATH/Controllers/SiswaController.php(32): CodeIgniter\BaseModel->save()
 7 SYSTEMPATH/CodeIgniter.php(933): App\Controllers\SiswaController->store()
 8 SYSTEMPATH/CodeIgniter.php(509): CodeIgniter\CodeIgniter->runController()
 9 SYSTEMPATH/CodeIgniter.php(355): CodeIgniter\CodeIgniter->handleRequest()
10 SYSTEMPATH/Boot.php(325): CodeIgniter\CodeIgniter->run()
11 SYSTEMPATH/Boot.php(67): CodeIgniter\Boot::runCodeIgniter()
12 FCPATH/index.php(56): CodeIgniter\Boot::bootWeb()
13 SYSTEMPATH/rewrite.php(44): require_once('/home/luqman/Documents/ci4/public/index.php')
CRITICAL - 2024-10-10 02:45:50 --> [Caused by] CodeIgniter\Database\Exceptions\DatabaseException: Unknown column 'updated_at' in 'field list'
in SYSTEMPATH/Database/MySQLi/Connection.php on line 317.
 1 SYSTEMPATH/Database/BaseConnection.php(734): CodeIgniter\Database\MySQLi\Connection->execute()
 2 SYSTEMPATH/Database/BaseConnection.php(648): CodeIgniter\Database\BaseConnection->simpleQuery()
 3 SYSTEMPATH/Database/BaseBuilder.php(2340): CodeIgniter\Database\BaseConnection->query()
 4 SYSTEMPATH/Model.php(394): CodeIgniter\Database\BaseBuilder->insert()
 5 SYSTEMPATH/BaseModel.php(840): CodeIgniter\Model->doInsert()
 6 SYSTEMPATH/Model.php(802): CodeIgniter\BaseModel->insert()
 7 SYSTEMPATH/BaseModel.php(751): CodeIgniter\Model->insert()
 8 APPPATH/Controllers/SiswaController.php(32): CodeIgniter\BaseModel->save()
 9 SYSTEMPATH/CodeIgniter.php(933): App\Controllers\SiswaController->store()
10 SYSTEMPATH/CodeIgniter.php(509): CodeIgniter\CodeIgniter->runController()
11 SYSTEMPATH/CodeIgniter.php(355): CodeIgniter\CodeIgniter->handleRequest()
12 SYSTEMPATH/Boot.php(325): CodeIgniter\CodeIgniter->run()
13 SYSTEMPATH/Boot.php(67): CodeIgniter\Boot::runCodeIgniter()
14 FCPATH/index.php(56): CodeIgniter\Boot::bootWeb()
15 SYSTEMPATH/rewrite.php(44): require_once('/home/luqman/Documents/ci4/public/index.php')
CRITICAL - 2024-10-10 02:45:50 --> [Caused by] mysqli_sql_exception: Unknown column 'updated_at' in 'field list'
in SYSTEMPATH/Database/MySQLi/Connection.php on line 312.
 1 SYSTEMPATH/Database/MySQLi/Connection.php(312): mysqli->query()
 2 SYSTEMPATH/Database/BaseConnection.php(734): CodeIgniter\Database\MySQLi\Connection->execute()
 3 SYSTEMPATH/Database/BaseConnection.php(648): CodeIgniter\Database\BaseConnection->simpleQuery()
 4 SYSTEMPATH/Database/BaseBuilder.php(2340): CodeIgniter\Database\BaseConnection->query()
 5 SYSTEMPATH/Model.php(394): CodeIgniter\Database\BaseBuilder->insert()
 6 SYSTEMPATH/BaseModel.php(840): CodeIgniter\Model->doInsert()
 7 SYSTEMPATH/Model.php(802): CodeIgniter\BaseModel->insert()
 8 SYSTEMPATH/BaseModel.php(751): CodeIgniter\Model->insert()
 9 APPPATH/Controllers/SiswaController.php(32): CodeIgniter\BaseModel->save()
10 SYSTEMPATH/CodeIgniter.php(933): App\Controllers\SiswaController->store()
11 SYSTEMPATH/CodeIgniter.php(509): CodeIgniter\CodeIgniter->runController()
12 SYSTEMPATH/CodeIgniter.php(355): CodeIgniter\CodeIgniter->handleRequest()
13 SYSTEMPATH/Boot.php(325): CodeIgniter\CodeIgniter->run()
14 SYSTEMPATH/Boot.php(67): CodeIgniter\Boot::runCodeIgniter()
15 FCPATH/index.php(56): CodeIgniter\Boot::bootWeb()
16 SYSTEMPATH/rewrite.php(44): require_once('/home/luqman/Documents/ci4/public/index.php')
ERROR - 2024-10-10 02:53:27 --> mysqli_sql_exception: Unknown column 'updated_at' in 'field list' in /home/luqman/Documents/ci4/system/Database/MySQLi/Connection.php:312
Stack trace:
#0 /home/luqman/Documents/ci4/system/Database/MySQLi/Connection.php(312): mysqli->query()
#1 /home/luqman/Documents/ci4/system/Database/BaseConnection.php(734): CodeIgniter\Database\MySQLi\Connection->execute()
#2 /home/luqman/Documents/ci4/system/Database/BaseConnection.php(648): CodeIgniter\Database\BaseConnection->simpleQuery()
#3 /home/luqman/Documents/ci4/system/Database/BaseBuilder.php(2340): CodeIgniter\Database\BaseConnection->query()
#4 /home/luqman/Documents/ci4/system/Model.php(394): CodeIgniter\Database\BaseBuilder->insert()
#5 /home/luqman/Documents/ci4/system/BaseModel.php(840): CodeIgniter\Model->doInsert()
#6 /home/luqman/Documents/ci4/system/Model.php(802): CodeIgniter\BaseModel->insert()
#7 /home/luqman/Documents/ci4/system/BaseModel.php(751): CodeIgniter\Model->insert()
#8 /home/luqman/Documents/ci4/app/Controllers/SiswaController.php(32): CodeIgniter\BaseModel->save()
#9 /home/luqman/Documents/ci4/system/CodeIgniter.php(933): App\Controllers\SiswaController->store()
#10 /home/luqman/Documents/ci4/system/CodeIgniter.php(509): CodeIgniter\CodeIgniter->runController()
#11 /home/luqman/Documents/ci4/system/CodeIgniter.php(355): CodeIgniter\CodeIgniter->handleRequest()
#12 /home/luqman/Documents/ci4/system/Boot.php(325): CodeIgniter\CodeIgniter->run()
#13 /home/luqman/Documents/ci4/system/Boot.php(67): CodeIgniter\Boot::runCodeIgniter()
#14 /home/luqman/Documents/ci4/public/index.php(56): CodeIgniter\Boot::bootWeb()
#15 /home/luqman/Documents/ci4/system/rewrite.php(44): require_once('...')
#16 {main}
CRITICAL - 2024-10-10 02:53:27 --> CodeIgniter\Database\Exceptions\DatabaseException: Unknown column 'updated_at' in 'field list'
[Method: POST, Route: siswa/store]
in SYSTEMPATH/Database/BaseConnection.php on line 688.
 1 SYSTEMPATH/Database/BaseBuilder.php(2340): CodeIgniter\Database\BaseConnection->query()
 2 SYSTEMPATH/Model.php(394): CodeIgniter\Database\BaseBuilder->insert()
 3 SYSTEMPATH/BaseModel.php(840): CodeIgniter\Model->doInsert()
 4 SYSTEMPATH/Model.php(802): CodeIgniter\BaseModel->insert()
 5 SYSTEMPATH/BaseModel.php(751): CodeIgniter\Model->insert()
 6 APPPATH/Controllers/SiswaController.php(32): CodeIgniter\BaseModel->save()
 7 SYSTEMPATH/CodeIgniter.php(933): App\Controllers\SiswaController->store()
 8 SYSTEMPATH/CodeIgniter.php(509): CodeIgniter\CodeIgniter->runController()
 9 SYSTEMPATH/CodeIgniter.php(355): CodeIgniter\CodeIgniter->handleRequest()
10 SYSTEMPATH/Boot.php(325): CodeIgniter\CodeIgniter->run()
11 SYSTEMPATH/Boot.php(67): CodeIgniter\Boot::runCodeIgniter()
12 FCPATH/index.php(56): CodeIgniter\Boot::bootWeb()
13 SYSTEMPATH/rewrite.php(44): require_once('/home/luqman/Documents/ci4/public/index.php')
CRITICAL - 2024-10-10 02:53:27 --> [Caused by] CodeIgniter\Database\Exceptions\DatabaseException: Unknown column 'updated_at' in 'field list'
in SYSTEMPATH/Database/MySQLi/Connection.php on line 317.
 1 SYSTEMPATH/Database/BaseConnection.php(734): CodeIgniter\Database\MySQLi\Connection->execute()
 2 SYSTEMPATH/Database/BaseConnection.php(648): CodeIgniter\Database\BaseConnection->simpleQuery()
 3 SYSTEMPATH/Database/BaseBuilder.php(2340): CodeIgniter\Database\BaseConnection->query()
 4 SYSTEMPATH/Model.php(394): CodeIgniter\Database\BaseBuilder->insert()
 5 SYSTEMPATH/BaseModel.php(840): CodeIgniter\Model->doInsert()
 6 SYSTEMPATH/Model.php(802): CodeIgniter\BaseModel->insert()
 7 SYSTEMPATH/BaseModel.php(751): CodeIgniter\Model->insert()
 8 APPPATH/Controllers/SiswaController.php(32): CodeIgniter\BaseModel->save()
 9 SYSTEMPATH/CodeIgniter.php(933): App\Controllers\SiswaController->store()
10 SYSTEMPATH/CodeIgniter.php(509): CodeIgniter\CodeIgniter->runController()
11 SYSTEMPATH/CodeIgniter.php(355): CodeIgniter\CodeIgniter->handleRequest()
12 SYSTEMPATH/Boot.php(325): CodeIgniter\CodeIgniter->run()
13 SYSTEMPATH/Boot.php(67): CodeIgniter\Boot::runCodeIgniter()
14 FCPATH/index.php(56): CodeIgniter\Boot::bootWeb()
15 SYSTEMPATH/rewrite.php(44): require_once('/home/luqman/Documents/ci4/public/index.php')
CRITICAL - 2024-10-10 02:53:27 --> [Caused by] mysqli_sql_exception: Unknown column 'updated_at' in 'field list'
in SYSTEMPATH/Database/MySQLi/Connection.php on line 312.
 1 SYSTEMPATH/Database/MySQLi/Connection.php(312): mysqli->query()
 2 SYSTEMPATH/Database/BaseConnection.php(734): CodeIgniter\Database\MySQLi\Connection->execute()
 3 SYSTEMPATH/Database/BaseConnection.php(648): CodeIgniter\Database\BaseConnection->simpleQuery()
 4 SYSTEMPATH/Database/BaseBuilder.php(2340): CodeIgniter\Database\BaseConnection->query()
 5 SYSTEMPATH/Model.php(394): CodeIgniter\Database\BaseBuilder->insert()
 6 SYSTEMPATH/BaseModel.php(840): CodeIgniter\Model->doInsert()
 7 SYSTEMPATH/Model.php(802): CodeIgniter\BaseModel->insert()
 8 SYSTEMPATH/BaseModel.php(751): CodeIgniter\Model->insert()
 9 APPPATH/Controllers/SiswaController.php(32): CodeIgniter\BaseModel->save()
10 SYSTEMPATH/CodeIgniter.php(933): App\Controllers\SiswaController->store()
11 SYSTEMPATH/CodeIgniter.php(509): CodeIgniter\CodeIgniter->runController()
12 SYSTEMPATH/CodeIgniter.php(355): CodeIgniter\CodeIgniter->handleRequest()
13 SYSTEMPATH/Boot.php(325): CodeIgniter\CodeIgniter->run()
14 SYSTEMPATH/Boot.php(67): CodeIgniter\Boot::runCodeIgniter()
15 FCPATH/index.php(56): CodeIgniter\Boot::bootWeb()
16 SYSTEMPATH/rewrite.php(44): require_once('/home/luqman/Documents/ci4/public/index.php')
ERROR - 2024-10-10 02:53:34 --> mysqli_sql_exception: Unknown column 'updated_at' in 'field list' in /home/luqman/Documents/ci4/system/Database/MySQLi/Connection.php:312
Stack trace:
#0 /home/luqman/Documents/ci4/system/Database/MySQLi/Connection.php(312): mysqli->query()
#1 /home/luqman/Documents/ci4/system/Database/BaseConnection.php(734): CodeIgniter\Database\MySQLi\Connection->execute()
#2 /home/luqman/Documents/ci4/system/Database/BaseConnection.php(648): CodeIgniter\Database\BaseConnection->simpleQuery()
#3 /home/luqman/Documents/ci4/system/Database/BaseBuilder.php(2340): CodeIgniter\Database\BaseConnection->query()
#4 /home/luqman/Documents/ci4/system/Model.php(394): CodeIgniter\Database\BaseBuilder->insert()
#5 /home/luqman/Documents/ci4/system/BaseModel.php(840): CodeIgniter\Model->doInsert()
#6 /home/luqman/Documents/ci4/system/Model.php(802): CodeIgniter\BaseModel->insert()
#7 /home/luqman/Documents/ci4/system/BaseModel.php(751): CodeIgniter\Model->insert()
#8 /home/luqman/Documents/ci4/app/Controllers/SiswaController.php(32): CodeIgniter\BaseModel->save()
#9 /home/luqman/Documents/ci4/system/CodeIgniter.php(933): App\Controllers\SiswaController->store()
#10 /home/luqman/Documents/ci4/system/CodeIgniter.php(509): CodeIgniter\CodeIgniter->runController()
#11 /home/luqman/Documents/ci4/system/CodeIgniter.php(355): CodeIgniter\CodeIgniter->handleRequest()
#12 /home/luqman/Documents/ci4/system/Boot.php(325): CodeIgniter\CodeIgniter->run()
#13 /home/luqman/Documents/ci4/system/Boot.php(67): CodeIgniter\Boot::runCodeIgniter()
#14 /home/luqman/Documents/ci4/public/index.php(56): CodeIgniter\Boot::bootWeb()
#15 /home/luqman/Documents/ci4/system/rewrite.php(44): require_once('...')
#16 {main}
CRITICAL - 2024-10-10 02:53:34 --> CodeIgniter\Database\Exceptions\DatabaseException: Unknown column 'updated_at' in 'field list'
[Method: POST, Route: siswa/store]
in SYSTEMPATH/Database/BaseConnection.php on line 688.
 1 SYSTEMPATH/Database/BaseBuilder.php(2340): CodeIgniter\Database\BaseConnection->query()
 2 SYSTEMPATH/Model.php(394): CodeIgniter\Database\BaseBuilder->insert()
 3 SYSTEMPATH/BaseModel.php(840): CodeIgniter\Model->doInsert()
 4 SYSTEMPATH/Model.php(802): CodeIgniter\BaseModel->insert()
 5 SYSTEMPATH/BaseModel.php(751): CodeIgniter\Model->insert()
 6 APPPATH/Controllers/SiswaController.php(32): CodeIgniter\BaseModel->save()
 7 SYSTEMPATH/CodeIgniter.php(933): App\Controllers\SiswaController->store()
 8 SYSTEMPATH/CodeIgniter.php(509): CodeIgniter\CodeIgniter->runController()
 9 SYSTEMPATH/CodeIgniter.php(355): CodeIgniter\CodeIgniter->handleRequest()
10 SYSTEMPATH/Boot.php(325): CodeIgniter\CodeIgniter->run()
11 SYSTEMPATH/Boot.php(67): CodeIgniter\Boot::runCodeIgniter()
12 FCPATH/index.php(56): CodeIgniter\Boot::bootWeb()
13 SYSTEMPATH/rewrite.php(44): require_once('/home/luqman/Documents/ci4/public/index.php')
CRITICAL - 2024-10-10 02:53:34 --> [Caused by] CodeIgniter\Database\Exceptions\DatabaseException: Unknown column 'updated_at' in 'field list'
in SYSTEMPATH/Database/MySQLi/Connection.php on line 317.
 1 SYSTEMPATH/Database/BaseConnection.php(734): CodeIgniter\Database\MySQLi\Connection->execute()
 2 SYSTEMPATH/Database/BaseConnection.php(648): CodeIgniter\Database\BaseConnection->simpleQuery()
 3 SYSTEMPATH/Database/BaseBuilder.php(2340): CodeIgniter\Database\BaseConnection->query()
 4 SYSTEMPATH/Model.php(394): CodeIgniter\Database\BaseBuilder->insert()
 5 SYSTEMPATH/BaseModel.php(840): CodeIgniter\Model->doInsert()
 6 SYSTEMPATH/Model.php(802): CodeIgniter\BaseModel->insert()
 7 SYSTEMPATH/BaseModel.php(751): CodeIgniter\Model->insert()
 8 APPPATH/Controllers/SiswaController.php(32): CodeIgniter\BaseModel->save()
 9 SYSTEMPATH/CodeIgniter.php(933): App\Controllers\SiswaController->store()
10 SYSTEMPATH/CodeIgniter.php(509): CodeIgniter\CodeIgniter->runController()
11 SYSTEMPATH/CodeIgniter.php(355): CodeIgniter\CodeIgniter->handleRequest()
12 SYSTEMPATH/Boot.php(325): CodeIgniter\CodeIgniter->run()
13 SYSTEMPATH/Boot.php(67): CodeIgniter\Boot::runCodeIgniter()
14 FCPATH/index.php(56): CodeIgniter\Boot::bootWeb()
15 SYSTEMPATH/rewrite.php(44): require_once('/home/luqman/Documents/ci4/public/index.php')
CRITICAL - 2024-10-10 02:53:34 --> [Caused by] mysqli_sql_exception: Unknown column 'updated_at' in 'field list'
in SYSTEMPATH/Database/MySQLi/Connection.php on line 312.
 1 SYSTEMPATH/Database/MySQLi/Connection.php(312): mysqli->query()
 2 SYSTEMPATH/Database/BaseConnection.php(734): CodeIgniter\Database\MySQLi\Connection->execute()
 3 SYSTEMPATH/Database/BaseConnection.php(648): CodeIgniter\Database\BaseConnection->simpleQuery()
 4 SYSTEMPATH/Database/BaseBuilder.php(2340): CodeIgniter\Database\BaseConnection->query()
 5 SYSTEMPATH/Model.php(394): CodeIgniter\Database\BaseBuilder->insert()
 6 SYSTEMPATH/BaseModel.php(840): CodeIgniter\Model->doInsert()
 7 SYSTEMPATH/Model.php(802): CodeIgniter\BaseModel->insert()
 8 SYSTEMPATH/BaseModel.php(751): CodeIgniter\Model->insert()
 9 APPPATH/Controllers/SiswaController.php(32): CodeIgniter\BaseModel->save()
10 SYSTEMPATH/CodeIgniter.php(933): App\Controllers\SiswaController->store()
11 SYSTEMPATH/CodeIgniter.php(509): CodeIgniter\CodeIgniter->runController()
12 SYSTEMPATH/CodeIgniter.php(355): CodeIgniter\CodeIgniter->handleRequest()
13 SYSTEMPATH/Boot.php(325): CodeIgniter\CodeIgniter->run()
14 SYSTEMPATH/Boot.php(67): CodeIgniter\Boot::runCodeIgniter()
15 FCPATH/index.php(56): CodeIgniter\Boot::bootWeb()
16 SYSTEMPATH/rewrite.php(44): require_once('/home/luqman/Documents/ci4/public/index.php')
ERROR - 2024-10-10 02:53:52 --> mysqli_sql_exception: Unknown column 'updated_at' in 'field list' in /home/luqman/Documents/ci4/system/Database/MySQLi/Connection.php:312
Stack trace:
#0 /home/luqman/Documents/ci4/system/Database/MySQLi/Connection.php(312): mysqli->query()
#1 /home/luqman/Documents/ci4/system/Database/BaseConnection.php(734): CodeIgniter\Database\MySQLi\Connection->execute()
#2 /home/luqman/Documents/ci4/system/Database/BaseConnection.php(648): CodeIgniter\Database\BaseConnection->simpleQuery()
#3 /home/luqman/Documents/ci4/system/Database/BaseBuilder.php(2340): CodeIgniter\Database\BaseConnection->query()
#4 /home/luqman/Documents/ci4/system/Model.php(394): CodeIgniter\Database\BaseBuilder->insert()
#5 /home/luqman/Documents/ci4/system/BaseModel.php(840): CodeIgniter\Model->doInsert()
#6 /home/luqman/Documents/ci4/system/Model.php(802): CodeIgniter\BaseModel->insert()
#7 /home/luqman/Documents/ci4/system/BaseModel.php(751): CodeIgniter\Model->insert()
#8 /home/luqman/Documents/ci4/app/Controllers/SiswaController.php(32): CodeIgniter\BaseModel->save()
#9 /home/luqman/Documents/ci4/system/CodeIgniter.php(933): App\Controllers\SiswaController->store()
#10 /home/luqman/Documents/ci4/system/CodeIgniter.php(509): CodeIgniter\CodeIgniter->runController()
#11 /home/luqman/Documents/ci4/system/CodeIgniter.php(355): CodeIgniter\CodeIgniter->handleRequest()
#12 /home/luqman/Documents/ci4/system/Boot.php(325): CodeIgniter\CodeIgniter->run()
#13 /home/luqman/Documents/ci4/system/Boot.php(67): CodeIgniter\Boot::runCodeIgniter()
#14 /home/luqman/Documents/ci4/public/index.php(56): CodeIgniter\Boot::bootWeb()
#15 /home/luqman/Documents/ci4/system/rewrite.php(44): require_once('...')
#16 {main}
CRITICAL - 2024-10-10 02:53:52 --> CodeIgniter\Database\Exceptions\DatabaseException: Unknown column 'updated_at' in 'field list'
[Method: POST, Route: siswa/store]
in SYSTEMPATH/Database/BaseConnection.php on line 688.
 1 SYSTEMPATH/Database/BaseBuilder.php(2340): CodeIgniter\Database\BaseConnection->query()
 2 SYSTEMPATH/Model.php(394): CodeIgniter\Database\BaseBuilder->insert()
 3 SYSTEMPATH/BaseModel.php(840): CodeIgniter\Model->doInsert()
 4 SYSTEMPATH/Model.php(802): CodeIgniter\BaseModel->insert()
 5 SYSTEMPATH/BaseModel.php(751): CodeIgniter\Model->insert()
 6 APPPATH/Controllers/SiswaController.php(32): CodeIgniter\BaseModel->save()
 7 SYSTEMPATH/CodeIgniter.php(933): App\Controllers\SiswaController->store()
 8 SYSTEMPATH/CodeIgniter.php(509): CodeIgniter\CodeIgniter->runController()
 9 SYSTEMPATH/CodeIgniter.php(355): CodeIgniter\CodeIgniter->handleRequest()
10 SYSTEMPATH/Boot.php(325): CodeIgniter\CodeIgniter->run()
11 SYSTEMPATH/Boot.php(67): CodeIgniter\Boot::runCodeIgniter()
12 FCPATH/index.php(56): CodeIgniter\Boot::bootWeb()
13 SYSTEMPATH/rewrite.php(44): require_once('/home/luqman/Documents/ci4/public/index.php')
CRITICAL - 2024-10-10 02:53:52 --> [Caused by] CodeIgniter\Database\Exceptions\DatabaseException: Unknown column 'updated_at' in 'field list'
in SYSTEMPATH/Database/MySQLi/Connection.php on line 317.
 1 SYSTEMPATH/Database/BaseConnection.php(734): CodeIgniter\Database\MySQLi\Connection->execute()
 2 SYSTEMPATH/Database/BaseConnection.php(648): CodeIgniter\Database\BaseConnection->simpleQuery()
 3 SYSTEMPATH/Database/BaseBuilder.php(2340): CodeIgniter\Database\BaseConnection->query()
 4 SYSTEMPATH/Model.php(394): CodeIgniter\Database\BaseBuilder->insert()
 5 SYSTEMPATH/BaseModel.php(840): CodeIgniter\Model->doInsert()
 6 SYSTEMPATH/Model.php(802): CodeIgniter\BaseModel->insert()
 7 SYSTEMPATH/BaseModel.php(751): CodeIgniter\Model->insert()
 8 APPPATH/Controllers/SiswaController.php(32): CodeIgniter\BaseModel->save()
 9 SYSTEMPATH/CodeIgniter.php(933): App\Controllers\SiswaController->store()
10 SYSTEMPATH/CodeIgniter.php(509): CodeIgniter\CodeIgniter->runController()
11 SYSTEMPATH/CodeIgniter.php(355): CodeIgniter\CodeIgniter->handleRequest()
12 SYSTEMPATH/Boot.php(325): CodeIgniter\CodeIgniter->run()
13 SYSTEMPATH/Boot.php(67): CodeIgniter\Boot::runCodeIgniter()
14 FCPATH/index.php(56): CodeIgniter\Boot::bootWeb()
15 SYSTEMPATH/rewrite.php(44): require_once('/home/luqman/Documents/ci4/public/index.php')
CRITICAL - 2024-10-10 02:53:52 --> [Caused by] mysqli_sql_exception: Unknown column 'updated_at' in 'field list'
in SYSTEMPATH/Database/MySQLi/Connection.php on line 312.
 1 SYSTEMPATH/Database/MySQLi/Connection.php(312): mysqli->query()
 2 SYSTEMPATH/Database/BaseConnection.php(734): CodeIgniter\Database\MySQLi\Connection->execute()
 3 SYSTEMPATH/Database/BaseConnection.php(648): CodeIgniter\Database\BaseConnection->simpleQuery()
 4 SYSTEMPATH/Database/BaseBuilder.php(2340): CodeIgniter\Database\BaseConnection->query()
 5 SYSTEMPATH/Model.php(394): CodeIgniter\Database\BaseBuilder->insert()
 6 SYSTEMPATH/BaseModel.php(840): CodeIgniter\Model->doInsert()
 7 SYSTEMPATH/Model.php(802): CodeIgniter\BaseModel->insert()
 8 SYSTEMPATH/BaseModel.php(751): CodeIgniter\Model->insert()
 9 APPPATH/Controllers/SiswaController.php(32): CodeIgniter\BaseModel->save()
10 SYSTEMPATH/CodeIgniter.php(933): App\Controllers\SiswaController->store()
11 SYSTEMPATH/CodeIgniter.php(509): CodeIgniter\CodeIgniter->runController()
12 SYSTEMPATH/CodeIgniter.php(355): CodeIgniter\CodeIgniter->handleRequest()
13 SYSTEMPATH/Boot.php(325): CodeIgniter\CodeIgniter->run()
14 SYSTEMPATH/Boot.php(67): CodeIgniter\Boot::runCodeIgniter()
15 FCPATH/index.php(56): CodeIgniter\Boot::bootWeb()
16 SYSTEMPATH/rewrite.php(44): require_once('/home/luqman/Documents/ci4/public/index.php')
ERROR - 2024-10-10 02:59:47 --> mysqli_sql_exception: Unknown column 'updated_at' in 'field list' in /home/luqman/Documents/ci4/system/Database/MySQLi/Connection.php:312
Stack trace:
#0 /home/luqman/Documents/ci4/system/Database/MySQLi/Connection.php(312): mysqli->query()
#1 /home/luqman/Documents/ci4/system/Database/BaseConnection.php(734): CodeIgniter\Database\MySQLi\Connection->execute()
#2 /home/luqman/Documents/ci4/system/Database/BaseConnection.php(648): CodeIgniter\Database\BaseConnection->simpleQuery()
#3 /home/luqman/Documents/ci4/system/Database/BaseBuilder.php(2340): CodeIgniter\Database\BaseConnection->query()
#4 /home/luqman/Documents/ci4/system/Model.php(394): CodeIgniter\Database\BaseBuilder->insert()
#5 /home/luqman/Documents/ci4/system/BaseModel.php(840): CodeIgniter\Model->doInsert()
#6 /home/luqman/Documents/ci4/system/Model.php(802): CodeIgniter\BaseModel->insert()
#7 /home/luqman/Documents/ci4/system/BaseModel.php(751): CodeIgniter\Model->insert()
#8 /home/luqman/Documents/ci4/app/Controllers/SiswaController.php(32): CodeIgniter\BaseModel->save()
#9 /home/luqman/Documents/ci4/system/CodeIgniter.php(933): App\Controllers\SiswaController->store()
#10 /home/luqman/Documents/ci4/system/CodeIgniter.php(509): CodeIgniter\CodeIgniter->runController()
#11 /home/luqman/Documents/ci4/system/CodeIgniter.php(355): CodeIgniter\CodeIgniter->handleRequest()
#12 /home/luqman/Documents/ci4/system/Boot.php(325): CodeIgniter\CodeIgniter->run()
#13 /home/luqman/Documents/ci4/system/Boot.php(67): CodeIgniter\Boot::runCodeIgniter()
#14 /home/luqman/Documents/ci4/public/index.php(56): CodeIgniter\Boot::bootWeb()
#15 /home/luqman/Documents/ci4/system/rewrite.php(44): require_once('...')
#16 {main}
CRITICAL - 2024-10-10 02:59:47 --> CodeIgniter\Database\Exceptions\DatabaseException: Unknown column 'updated_at' in 'field list'
[Method: POST, Route: siswa/store]
in SYSTEMPATH/Database/BaseConnection.php on line 688.
 1 SYSTEMPATH/Database/BaseBuilder.php(2340): CodeIgniter\Database\BaseConnection->query()
 2 SYSTEMPATH/Model.php(394): CodeIgniter\Database\BaseBuilder->insert()
 3 SYSTEMPATH/BaseModel.php(840): CodeIgniter\Model->doInsert()
 4 SYSTEMPATH/Model.php(802): CodeIgniter\BaseModel->insert()
 5 SYSTEMPATH/BaseModel.php(751): CodeIgniter\Model->insert()
 6 APPPATH/Controllers/SiswaController.php(32): CodeIgniter\BaseModel->save()
 7 SYSTEMPATH/CodeIgniter.php(933): App\Controllers\SiswaController->store()
 8 SYSTEMPATH/CodeIgniter.php(509): CodeIgniter\CodeIgniter->runController()
 9 SYSTEMPATH/CodeIgniter.php(355): CodeIgniter\CodeIgniter->handleRequest()
10 SYSTEMPATH/Boot.php(325): CodeIgniter\CodeIgniter->run()
11 SYSTEMPATH/Boot.php(67): CodeIgniter\Boot::runCodeIgniter()
12 FCPATH/index.php(56): CodeIgniter\Boot::bootWeb()
13 SYSTEMPATH/rewrite.php(44): require_once('/home/luqman/Documents/ci4/public/index.php')
CRITICAL - 2024-10-10 02:59:47 --> [Caused by] CodeIgniter\Database\Exceptions\DatabaseException: Unknown column 'updated_at' in 'field list'
in SYSTEMPATH/Database/MySQLi/Connection.php on line 317.
 1 SYSTEMPATH/Database/BaseConnection.php(734): CodeIgniter\Database\MySQLi\Connection->execute()
 2 SYSTEMPATH/Database/BaseConnection.php(648): CodeIgniter\Database\BaseConnection->simpleQuery()
 3 SYSTEMPATH/Database/BaseBuilder.php(2340): CodeIgniter\Database\BaseConnection->query()
 4 SYSTEMPATH/Model.php(394): CodeIgniter\Database\BaseBuilder->insert()
 5 SYSTEMPATH/BaseModel.php(840): CodeIgniter\Model->doInsert()
 6 SYSTEMPATH/Model.php(802): CodeIgniter\BaseModel->insert()
 7 SYSTEMPATH/BaseModel.php(751): CodeIgniter\Model->insert()
 8 APPPATH/Controllers/SiswaController.php(32): CodeIgniter\BaseModel->save()
 9 SYSTEMPATH/CodeIgniter.php(933): App\Controllers\SiswaController->store()
10 SYSTEMPATH/CodeIgniter.php(509): CodeIgniter\CodeIgniter->runController()
11 SYSTEMPATH/CodeIgniter.php(355): CodeIgniter\CodeIgniter->handleRequest()
12 SYSTEMPATH/Boot.php(325): CodeIgniter\CodeIgniter->run()
13 SYSTEMPATH/Boot.php(67): CodeIgniter\Boot::runCodeIgniter()
14 FCPATH/index.php(56): CodeIgniter\Boot::bootWeb()
15 SYSTEMPATH/rewrite.php(44): require_once('/home/luqman/Documents/ci4/public/index.php')
CRITICAL - 2024-10-10 02:59:47 --> [Caused by] mysqli_sql_exception: Unknown column 'updated_at' in 'field list'
in SYSTEMPATH/Database/MySQLi/Connection.php on line 312.
 1 SYSTEMPATH/Database/MySQLi/Connection.php(312): mysqli->query()
 2 SYSTEMPATH/Database/BaseConnection.php(734): CodeIgniter\Database\MySQLi\Connection->execute()
 3 SYSTEMPATH/Database/BaseConnection.php(648): CodeIgniter\Database\BaseConnection->simpleQuery()
 4 SYSTEMPATH/Database/BaseBuilder.php(2340): CodeIgniter\Database\BaseConnection->query()
 5 SYSTEMPATH/Model.php(394): CodeIgniter\Database\BaseBuilder->insert()
 6 SYSTEMPATH/BaseModel.php(840): CodeIgniter\Model->doInsert()
 7 SYSTEMPATH/Model.php(802): CodeIgniter\BaseModel->insert()
 8 SYSTEMPATH/BaseModel.php(751): CodeIgniter\Model->insert()
 9 APPPATH/Controllers/SiswaController.php(32): CodeIgniter\BaseModel->save()
10 SYSTEMPATH/CodeIgniter.php(933): App\Controllers\SiswaController->store()
11 SYSTEMPATH/CodeIgniter.php(509): CodeIgniter\CodeIgniter->runController()
12 SYSTEMPATH/CodeIgniter.php(355): CodeIgniter\CodeIgniter->handleRequest()
13 SYSTEMPATH/Boot.php(325): CodeIgniter\CodeIgniter->run()
14 SYSTEMPATH/Boot.php(67): CodeIgniter\Boot::runCodeIgniter()
15 FCPATH/index.php(56): CodeIgniter\Boot::bootWeb()
16 SYSTEMPATH/rewrite.php(44): require_once('/home/luqman/Documents/ci4/public/index.php')
ERROR - 2024-10-10 03:04:37 --> mysqli_sql_exception: Unknown column 'updated_at' in 'field list' in /home/luqman/Documents/ci4/system/Database/MySQLi/Connection.php:312
Stack trace:
#0 /home/luqman/Documents/ci4/system/Database/MySQLi/Connection.php(312): mysqli->query()
#1 /home/luqman/Documents/ci4/system/Database/BaseConnection.php(734): CodeIgniter\Database\MySQLi\Connection->execute()
#2 /home/luqman/Documents/ci4/system/Database/BaseConnection.php(648): CodeIgniter\Database\BaseConnection->simpleQuery()
#3 /home/luqman/Documents/ci4/system/Database/BaseBuilder.php(2340): CodeIgniter\Database\BaseConnection->query()
#4 /home/luqman/Documents/ci4/system/Model.php(394): CodeIgniter\Database\BaseBuilder->insert()
#5 /home/luqman/Documents/ci4/system/BaseModel.php(840): CodeIgniter\Model->doInsert()
#6 /home/luqman/Documents/ci4/system/Model.php(802): CodeIgniter\BaseModel->insert()
#7 /home/luqman/Documents/ci4/system/BaseModel.php(751): CodeIgniter\Model->insert()
#8 /home/luqman/Documents/ci4/app/Controllers/SiswaController.php(32): CodeIgniter\BaseModel->save()
#9 /home/luqman/Documents/ci4/system/CodeIgniter.php(933): App\Controllers\SiswaController->store()
#10 /home/luqman/Documents/ci4/system/CodeIgniter.php(509): CodeIgniter\CodeIgniter->runController()
#11 /home/luqman/Documents/ci4/system/CodeIgniter.php(355): CodeIgniter\CodeIgniter->handleRequest()
#12 /home/luqman/Documents/ci4/system/Boot.php(325): CodeIgniter\CodeIgniter->run()
#13 /home/luqman/Documents/ci4/system/Boot.php(67): CodeIgniter\Boot::runCodeIgniter()
#14 /home/luqman/Documents/ci4/public/index.php(56): CodeIgniter\Boot::bootWeb()
#15 /home/luqman/Documents/ci4/system/rewrite.php(44): require_once('...')
#16 {main}
CRITICAL - 2024-10-10 03:04:37 --> CodeIgniter\Database\Exceptions\DatabaseException: Unknown column 'updated_at' in 'field list'
[Method: POST, Route: siswa/store]
in SYSTEMPATH/Database/BaseConnection.php on line 688.
 1 SYSTEMPATH/Database/BaseBuilder.php(2340): CodeIgniter\Database\BaseConnection->query()
 2 SYSTEMPATH/Model.php(394): CodeIgniter\Database\BaseBuilder->insert()
 3 SYSTEMPATH/BaseModel.php(840): CodeIgniter\Model->doInsert()
 4 SYSTEMPATH/Model.php(802): CodeIgniter\BaseModel->insert()
 5 SYSTEMPATH/BaseModel.php(751): CodeIgniter\Model->insert()
 6 APPPATH/Controllers/SiswaController.php(32): CodeIgniter\BaseModel->save()
 7 SYSTEMPATH/CodeIgniter.php(933): App\Controllers\SiswaController->store()
 8 SYSTEMPATH/CodeIgniter.php(509): CodeIgniter\CodeIgniter->runController()
 9 SYSTEMPATH/CodeIgniter.php(355): CodeIgniter\CodeIgniter->handleRequest()
10 SYSTEMPATH/Boot.php(325): CodeIgniter\CodeIgniter->run()
11 SYSTEMPATH/Boot.php(67): CodeIgniter\Boot::runCodeIgniter()
12 FCPATH/index.php(56): CodeIgniter\Boot::bootWeb()
13 SYSTEMPATH/rewrite.php(44): require_once('/home/luqman/Documents/ci4/public/index.php')
CRITICAL - 2024-10-10 03:04:37 --> [Caused by] CodeIgniter\Database\Exceptions\DatabaseException: Unknown column 'updated_at' in 'field list'
in SYSTEMPATH/Database/MySQLi/Connection.php on line 317.
 1 SYSTEMPATH/Database/BaseConnection.php(734): CodeIgniter\Database\MySQLi\Connection->execute()
 2 SYSTEMPATH/Database/BaseConnection.php(648): CodeIgniter\Database\BaseConnection->simpleQuery()
 3 SYSTEMPATH/Database/BaseBuilder.php(2340): CodeIgniter\Database\BaseConnection->query()
 4 SYSTEMPATH/Model.php(394): CodeIgniter\Database\BaseBuilder->insert()
 5 SYSTEMPATH/BaseModel.php(840): CodeIgniter\Model->doInsert()
 6 SYSTEMPATH/Model.php(802): CodeIgniter\BaseModel->insert()
 7 SYSTEMPATH/BaseModel.php(751): CodeIgniter\Model->insert()
 8 APPPATH/Controllers/SiswaController.php(32): CodeIgniter\BaseModel->save()
 9 SYSTEMPATH/CodeIgniter.php(933): App\Controllers\SiswaController->store()
10 SYSTEMPATH/CodeIgniter.php(509): CodeIgniter\CodeIgniter->runController()
11 SYSTEMPATH/CodeIgniter.php(355): CodeIgniter\CodeIgniter->handleRequest()
12 SYSTEMPATH/Boot.php(325): CodeIgniter\CodeIgniter->run()
13 SYSTEMPATH/Boot.php(67): CodeIgniter\Boot::runCodeIgniter()
14 FCPATH/index.php(56): CodeIgniter\Boot::bootWeb()
15 SYSTEMPATH/rewrite.php(44): require_once('/home/luqman/Documents/ci4/public/index.php')
CRITICAL - 2024-10-10 03:04:37 --> [Caused by] mysqli_sql_exception: Unknown column 'updated_at' in 'field list'
in SYSTEMPATH/Database/MySQLi/Connection.php on line 312.
 1 SYSTEMPATH/Database/MySQLi/Connection.php(312): mysqli->query()
 2 SYSTEMPATH/Database/BaseConnection.php(734): CodeIgniter\Database\MySQLi\Connection->execute()
 3 SYSTEMPATH/Database/BaseConnection.php(648): CodeIgniter\Database\BaseConnection->simpleQuery()
 4 SYSTEMPATH/Database/BaseBuilder.php(2340): CodeIgniter\Database\BaseConnection->query()
 5 SYSTEMPATH/Model.php(394): CodeIgniter\Database\BaseBuilder->insert()
 6 SYSTEMPATH/BaseModel.php(840): CodeIgniter\Model->doInsert()
 7 SYSTEMPATH/Model.php(802): CodeIgniter\BaseModel->insert()
 8 SYSTEMPATH/BaseModel.php(751): CodeIgniter\Model->insert()
 9 APPPATH/Controllers/SiswaController.php(32): CodeIgniter\BaseModel->save()
10 SYSTEMPATH/CodeIgniter.php(933): App\Controllers\SiswaController->store()
11 SYSTEMPATH/CodeIgniter.php(509): CodeIgniter\CodeIgniter->runController()
12 SYSTEMPATH/CodeIgniter.php(355): CodeIgniter\CodeIgniter->handleRequest()
13 SYSTEMPATH/Boot.php(325): CodeIgniter\CodeIgniter->run()
14 SYSTEMPATH/Boot.php(67): CodeIgniter\Boot::runCodeIgniter()
15 FCPATH/index.php(56): CodeIgniter\Boot::bootWeb()
16 SYSTEMPATH/rewrite.php(44): require_once('/home/luqman/Documents/ci4/public/index.php')
INFO - 2024-10-10 06:39:24 --> Session: Class initialized using 'CodeIgniter\Session\Handlers\FileHandler' driver.
