CRITICAL - 2024-10-09 03:43:05 --> CodeIgniter\Filters\Exceptions\FilterException: "LoginFilter" filter must have a matching alias defined.
[Method: GET, Route: /]
in SYSTEMPATH/Filters/Filters.php on line 495.
 1 SYSTEMPATH/Filters/Filters.php(495): CodeIgniter\Filters\Exceptions\FilterException::forNoAlias()
 2 SYSTEMPATH/Filters/Filters.php(547): CodeIgniter\Filters\Filters->enableFilter()
 3 SYSTEMPATH/CodeIgniter.php(469): CodeIgniter\Filters\Filters->enableFilters()
 4 SYSTEMPATH/CodeIgniter.php(355): CodeIgniter\CodeIgniter->handleRequest()
 5 SYSTEMPATH/Boot.php(325): CodeIgniter\CodeIgniter->run()
 6 SYSTEMPATH/Boot.php(67): CodeIgniter\Boot::runCodeIgniter()
 7 FCPATH/index.php(56): CodeIgniter\Boot::bootWeb()
 8 SYSTEMPATH/rewrite.php(44): require_once('/home/luqman/Documents/ci4/public/index.php')
CRITICAL - 2024-10-09 03:45:31 --> Error: Call to undefined function App\Filters\sesion()
[Method: GET, Route: /]
in APPPATH/Filters/LoginFilter.php on line 28.
 1 SYSTEMPATH/Filters/Filters.php(203): App\Filters\LoginFilter->before()
 2 SYSTEMPATH/Filters/Filters.php(184): CodeIgniter\Filters\Filters->runBefore()
 3 SYSTEMPATH/CodeIgniter.php(481): CodeIgniter\Filters\Filters->run()
 4 SYSTEMPATH/CodeIgniter.php(355): CodeIgniter\CodeIgniter->handleRequest()
 5 SYSTEMPATH/Boot.php(325): CodeIgniter\CodeIgniter->run()
 6 SYSTEMPATH/Boot.php(67): CodeIgniter\Boot::runCodeIgniter()
 7 FCPATH/index.php(56): CodeIgniter\Boot::bootWeb()
 8 SYSTEMPATH/rewrite.php(44): require_once('/home/luqman/Documents/ci4/public/index.php')
CRITICAL - 2024-10-09 03:45:53 --> Error: Call to undefined function App\Filters\sesion()
[Method: GET, Route: /]
in APPPATH/Filters/LoginFilter.php on line 28.
 1 SYSTEMPATH/Filters/Filters.php(203): App\Filters\LoginFilter->before()
 2 SYSTEMPATH/Filters/Filters.php(184): CodeIgniter\Filters\Filters->runBefore()
 3 SYSTEMPATH/CodeIgniter.php(481): CodeIgniter\Filters\Filters->run()
 4 SYSTEMPATH/CodeIgniter.php(355): CodeIgniter\CodeIgniter->handleRequest()
 5 SYSTEMPATH/Boot.php(325): CodeIgniter\CodeIgniter->run()
 6 SYSTEMPATH/Boot.php(67): CodeIgniter\Boot::runCodeIgniter()
 7 FCPATH/index.php(56): CodeIgniter\Boot::bootWeb()
 8 SYSTEMPATH/rewrite.php(44): require_once('/home/luqman/Documents/ci4/public/index.php')
CRITICAL - 2024-10-09 03:45:54 --> Error: Call to undefined function App\Filters\sesion()
[Method: GET, Route: /]
in APPPATH/Filters/LoginFilter.php on line 28.
 1 SYSTEMPATH/Filters/Filters.php(203): App\Filters\LoginFilter->before()
 2 SYSTEMPATH/Filters/Filters.php(184): CodeIgniter\Filters\Filters->runBefore()
 3 SYSTEMPATH/CodeIgniter.php(481): CodeIgniter\Filters\Filters->run()
 4 SYSTEMPATH/CodeIgniter.php(355): CodeIgniter\CodeIgniter->handleRequest()
 5 SYSTEMPATH/Boot.php(325): CodeIgniter\CodeIgniter->run()
 6 SYSTEMPATH/Boot.php(67): CodeIgniter\Boot::runCodeIgniter()
 7 FCPATH/index.php(56): CodeIgniter\Boot::bootWeb()
 8 SYSTEMPATH/rewrite.php(44): require_once('/home/luqman/Documents/ci4/public/index.php')
INFO - 2024-10-09 03:46:57 --> Session: Class initialized using 'CodeIgniter\Session\Handlers\FileHandler' driver.
CRITICAL - 2024-10-09 07:49:18 --> ErrorException: Cannot declare class App\Controllers\login, because the name is already in use
[Method: GET, Route: login]
in APPPATH/Views/login.php on line 8.
 1 [internal function]: CodeIgniter\Debug\Exceptions->shutdownHandler()
CRITICAL - 2024-10-09 08:12:47 --> ErrorException: Cannot declare class App\Controllers\login, because the name is already in use
[Method: GET, Route: login]
in APPPATH/Views/login.php on line 8.
 1 [internal function]: CodeIgniter\Debug\Exceptions->shutdownHandler()
CRITICAL - 2024-10-09 08:14:04 --> ErrorException: Cannot declare class App\Controllers\login, because the name is already in use
[Method: GET, Route: login]
in APPPATH/Views/login.php on line 8.
 1 [internal function]: CodeIgniter\Debug\Exceptions->shutdownHandler()
